# JRE version: Java(TM) SE Runtime Environment (8.0_181-b13) (build 1.8.0_181-b13)
# Java VM: Java HotSpot(TM) 64-Bit Server VM (25.181-b13 mixed mode linux-amd64 compressed oops)
Heap:
 PSYoungGen      total 153088K, used 2047K [0x00000000d6f00000, 0x00000000eab00000, 0x0000000100000000)
  eden space 72192K, 0% used [0x00000000d6f00000,0x00000000d6f00000,0x00000000db580000)
  from space 80896K, 2% used [0x00000000e1b00000,0x00000000e1cffc00,0x00000000e6a00000)
  to   space 103936K, 0% used [0x00000000db580000,0x00000000db580000,0x00000000e1b00000)
 ParOldGen       total 468992K, used 468685K [0x0000000084c00000, 0x00000000a1600000, 0x00000000d6f00000)
  object space 468992K, 99% used [0x0000000084c00000,0x00000000a15b3538,0x00000000a1600000)
 Metaspace       used 2571K, capacity 4564K, committed 4864K, reserved 1056768K
  class space    used 273K, capacity 388K, committed 512K, reserved 1048576K
GC Heap History (10 events):
Event: 17,212 GC heap after
Heap after GC invocations=5 (full 1):
 PSYoungGen      total 82944K, used 5120K [0x00000000d6f00000, 0x00000000df500000, 0x0000000100000000)
  eden space 77824K, 0% used [0x00000000d6f00000,0x00000000d6f00000,0x00000000dbb00000)
  from space 5120K, 100% used [0x00000000df000000,0x00000000df500000,0x00000000df500000)
  to   space 5120K, 0% used [0x00000000deb00000,0x00000000deb00000,0x00000000df000000)
 ParOldGen       total 188416K, used 150885K [0x0000000084c00000, 0x0000000090400000, 0x00000000d6f00000)
  object space 188416K, 80% used [0x0000000084c00000,0x000000008df597e8,0x0000000090400000)
 Metaspace       used 2571K, capacity 4564K, committed 4864K, reserved 1056768K
  class space    used 273K, capacity 388K, committed 512K, reserved 1048576K
}
Event: 17,212 GC heap before
{Heap before GC invocations=6 (full 2):
 PSYoungGen      total 82944K, used 5120K [0x00000000d6f00000, 0x00000000df500000, 0x0000000100000000)
  eden space 77824K, 0% used [0x00000000d6f00000,0x00000000d6f00000,0x00000000dbb00000)
  from space 5120K, 100% used [0x00000000df000000,0x00000000df500000,0x00000000df500000)
  to   space 5120K, 0% used [0x00000000deb00000,0x00000000deb00000,0x00000000df000000)
 ParOldGen       total 188416K, used 150885K [0x0000000084c00000, 0x0000000090400000, 0x00000000d6f00000)
  object space 188416K, 80% used [0x0000000084c00000,0x000000008df597e8,0x0000000090400000)
 Metaspace       used 2571K, capacity 4564K, committed 4864K, reserved 1056768K
  class space    used 273K, capacity 388K, committed 512K, reserved 1048576K
Event: 21,237 GC heap after
Heap after GC invocations=6 (full 2):
 PSYoungGen      total 82944K, used 0K [0x00000000d6f00000, 0x00000000df500000, 0x0000000100000000)
  eden space 77824K, 0% used [0x00000000d6f00000,0x00000000d6f00000,0x00000000dbb00000)
  from space 5120K, 0% used [0x00000000df000000,0x00000000df000000,0x00000000df500000)
  to   space 5120K, 0% used [0x00000000deb00000,0x00000000deb00000,0x00000000df000000)
 ParOldGen       total 295424K, used 139895K [0x0000000084c00000, 0x0000000096c80000, 0x00000000d6f00000)
  object space 295424K, 47% used [0x0000000084c00000,0x000000008d49dff8,0x0000000096c80000)
 Metaspace       used 2571K, capacity 4564K, committed 4864K, reserved 1056768K
  class space    used 273K, capacity 388K, committed 512K, reserved 1048576K
}
Event: 27,584 GC heap before
{Heap before GC invocations=7 (full 2):
 PSYoungGen      total 82944K, used 77824K [0x00000000d6f00000, 0x00000000df500000, 0x0000000100000000)
  eden space 77824K, 100% used [0x00000000d6f00000,0x00000000dbb00000,0x00000000dbb00000)
  from space 5120K, 0% used [0x00000000df000000,0x00000000df000000,0x00000000df500000)
  to   space 5120K, 0% used [0x00000000deb00000,0x00000000deb00000,0x00000000df000000)
 ParOldGen       total 295424K, used 193978K [0x0000000084c00000, 0x0000000096c80000, 0x00000000d6f00000)
  object space 295424K, 65% used [0x0000000084c00000,0x000000009096ea80,0x0000000096c80000)
 Metaspace       used 2571K, capacity 4564K, committed 4864K, reserved 1056768K
  class space    used 273K, capacity 388K, committed 512K, reserved 1048576K
Event: 29,282 GC heap after
Heap after GC invocations=7 (full 2):
 PSYoungGen      total 100352K, used 5120K [0x00000000d6f00000, 0x00000000e6a00000, 0x0000000100000000)
  eden space 95232K, 0% used [0x00000000d6f00000,0x00000000d6f00000,0x00000000dcc00000)
  from space 5120K, 100% used [0x00000000deb00000,0x00000000df000000,0x00000000df000000)
  to   space 80896K, 0% used [0x00000000e1b00000,0x00000000e1b00000,0x00000000e6a00000)
 ParOldGen       total 295424K, used 266842K [0x0000000084c00000, 0x0000000096c80000, 0x00000000d6f00000)
  object space 295424K, 90% used [0x0000000084c00000,0x0000000095096a80,0x0000000096c80000)
 Metaspace       used 2571K, capacity 4564K, committed 4864K, reserved 1056768K
  class space    used 273K, capacity 388K, committed 512K, reserved 1048576K
}
Event: 29,282 GC heap before
{Heap before GC invocations=8 (full 3):
 PSYoungGen      total 100352K, used 5120K [0x00000000d6f00000, 0x00000000e6a00000, 0x0000000100000000)
  eden space 95232K, 0% used [0x00000000d6f00000,0x00000000d6f00000,0x00000000dcc00000)
  from space 5120K, 100% used [0x00000000deb00000,0x00000000df000000,0x00000000df000000)
  to   space 80896K, 0% used [0x00000000e1b00000,0x00000000e1b00000,0x00000000e6a00000)
 ParOldGen       total 295424K, used 266842K [0x0000000084c00000, 0x0000000096c80000, 0x00000000d6f00000)
  object space 295424K, 90% used [0x0000000084c00000,0x0000000095096a80,0x0000000096c80000)
 Metaspace       used 2571K, capacity 4564K, committed 4864K, reserved 1056768K
  class space    used 273K, capacity 388K, committed 512K, reserved 1048576K
Event: 36,295 GC heap after
Heap after GC invocations=8 (full 3):
 PSYoungGen      total 100352K, used 0K [0x00000000d6f00000, 0x00000000e6a00000, 0x0000000100000000)
  eden space 95232K, 0% used [0x00000000d6f00000,0x00000000d6f00000,0x00000000dcc00000)
  from space 5120K, 0% used [0x00000000deb00000,0x00000000deb00000,0x00000000df000000)
  to   space 80896K, 0% used [0x00000000e1b00000,0x00000000e1b00000,0x00000000e6a00000)
 ParOldGen       total 468992K, used 235707K [0x0000000084c00000, 0x00000000a1600000, 0x00000000d6f00000)
  object space 468992K, 50% used [0x0000000084c00000,0x000000009322eda0,0x00000000a1600000)
 Metaspace       used 2571K, capacity 4564K, committed 4864K, reserved 1056768K
  class space    used 273K, capacity 388K, committed 512K, reserved 1048576K
}
Event: 41,208 GC heap before
{Heap before GC invocations=9 (full 3):
 PSYoungGen      total 100352K, used 95232K [0x00000000d6f00000, 0x00000000e6a00000, 0x0000000100000000)
  eden space 95232K, 100% used [0x00000000d6f00000,0x00000000dcc00000,0x00000000dcc00000)
  from space 5120K, 0% used [0x00000000deb00000,0x00000000deb00000,0x00000000df000000)
  to   space 80896K, 0% used [0x00000000e1b00000,0x00000000e1b00000,0x00000000e6a00000)
 ParOldGen       total 468992K, used 316831K [0x0000000084c00000, 0x00000000a1600000, 0x00000000d6f00000)
  object space 468992K, 67% used [0x0000000084c00000,0x0000000098167d68,0x00000000a1600000)
 Metaspace       used 2571K, capacity 4564K, committed 4864K, reserved 1056768K
  class space    used 273K, capacity 388K, committed 512K, reserved 1048576K
Event: 42,960 GC heap after
Heap after GC invocations=9 (full 3):
 PSYoungGen      total 153088K, used 80896K [0x00000000d6f00000, 0x00000000eab00000, 0x0000000100000000)
  eden space 72192K, 0% used [0x00000000d6f00000,0x00000000d6f00000,0x00000000db580000)
  from space 80896K, 100% used [0x00000000e1b00000,0x00000000e6a00000,0x00000000e6a00000)
  to   space 103936K, 0% used [0x00000000db580000,0x00000000db580000,0x00000000e1b00000)
 ParOldGen       total 468992K, used 331295K [0x0000000084c00000, 0x00000000a1600000, 0x00000000d6f00000)
  object space 468992K, 70% used [0x0000000084c00000,0x0000000098f87d68,0x00000000a1600000)
 Metaspace       used 2571K, capacity 4564K, committed 4864K, reserved 1056768K
  class space    used 273K, capacity 388K, committed 512K, reserved 1048576K
}
Event: 49,346 GC heap before
{Heap before GC invocations=10 (full 4):
 PSYoungGen      total 153088K, used 153088K [0x00000000d6f00000, 0x00000000eab00000, 0x0000000100000000)
  eden space 72192K, 100% used [0x00000000d6f00000,0x00000000db580000,0x00000000db580000)
  from space 80896K, 100% used [0x00000000e1b00000,0x00000000e6a00000,0x00000000e6a00000)
  to   space 103936K, 0% used [0x00000000db580000,0x00000000db580000,0x00000000e1b00000)
 ParOldGen       total 468992K, used 452981K [0x0000000084c00000, 0x00000000a1600000, 0x00000000d6f00000)
  object space 468992K, 96% used [0x0000000084c00000,0x00000000a065d508,0x00000000a1600000)
 Metaspace       used 2571K, capacity 4564K, committed 4864K, reserved 1056768K
  class space    used 273K, capacity 388K, committed 512K, reserved 1048576K

