# JRE version: Java(TM) SE Runtime Environment (8.0_181-b13) (build 1.8.0_181-b13)
# Java VM: Java HotSpot(TM) 64-Bit Server VM (25.181-b13 mixed mode linux-amd64 compressed oops)
Heap:
 PSYoungGen      total 190976K, used 0K [0x00000000d6f00000, 0x00000000ef400000, 0x0000000100000000)
  eden space 51200K, 0% used [0x00000000d6f00000,0x00000000d6f00000,0x00000000da100000)
  from space 139776K, 0% used [0x00000000da100000,0x00000000da100000,0x00000000e2980000)
  to   space 168960K, 0% used [0x00000000e4f00000,0x00000000e4f00000,0x00000000ef400000)
 ParOldGen       total 781312K, used 728682K [0x0000000084c00000, 0x00000000b4700000, 0x00000000d6f00000)
  object space 781312K, 93% used [0x0000000084c00000,0x00000000b139aa78,0x00000000b4700000)
 Metaspace       used 2569K, capacity 4564K, committed 4864K, reserved 1056768K
  class space    used 273K, capacity 388K, committed 512K, reserved 1048576K
GC Heap History (10 events):
Event: 33,985 GC heap after
Heap after GC invocations=9 (full 3):
 PSYoungGen      total 153600K, used 81408K [0x00000000d6f00000, 0x00000000ea900000, 0x0000000100000000)
  eden space 72192K, 0% used [0x00000000d6f00000,0x00000000d6f00000,0x00000000db580000)
  from space 81408K, 100% used [0x00000000e1b80000,0x00000000e6b00000,0x00000000e6b00000)
  to   space 104448K, 0% used [0x00000000db580000,0x00000000db580000,0x00000000e1b80000)
 ParOldGen       total 473600K, used 332318K [0x0000000084c00000, 0x00000000a1a80000, 0x00000000d6f00000)
  object space 473600K, 70% used [0x0000000084c00000,0x0000000099087928,0x00000000a1a80000)
 Metaspace       used 2569K, capacity 4564K, committed 4864K, reserved 1056768K
  class space    used 273K, capacity 388K, committed 512K, reserved 1048576K
}
Event: 40,733 GC heap before
{Heap before GC invocations=10 (full 4):
 PSYoungGen      total 153600K, used 153600K [0x00000000d6f00000, 0x00000000ea900000, 0x0000000100000000)
  eden space 72192K, 100% used [0x00000000d6f00000,0x00000000db580000,0x00000000db580000)
  from space 81408K, 100% used [0x00000000e1b80000,0x00000000e6b00000,0x00000000e6b00000)
  to   space 104448K, 0% used [0x00000000db580000,0x00000000db580000,0x00000000e1b80000)
 ParOldGen       total 473600K, used 454004K [0x0000000084c00000, 0x00000000a1a80000, 0x00000000d6f00000)
  object space 473600K, 95% used [0x0000000084c00000,0x00000000a075d0c8,0x00000000a1a80000)
 Metaspace       used 2569K, capacity 4564K, committed 4864K, reserved 1056768K
  class space    used 273K, capacity 388K, committed 512K, reserved 1048576K
Event: 59,897 GC heap after
Heap after GC invocations=10 (full 4):
 PSYoungGen      total 153600K, used 0K [0x00000000d6f00000, 0x00000000ea900000, 0x0000000100000000)
  eden space 72192K, 0% used [0x00000000d6f00000,0x00000000d6f00000,0x00000000db580000)
  from space 81408K, 0% used [0x00000000e1b80000,0x00000000e1b80000,0x00000000e6b00000)
  to   space 104448K, 0% used [0x00000000db580000,0x00000000db580000,0x00000000e1b80000)
 ParOldGen       total 781312K, used 472259K [0x0000000084c00000, 0x00000000b4700000, 0x00000000d6f00000)
  object space 781312K, 60% used [0x0000000084c00000,0x00000000a1930cf8,0x00000000b4700000)
 Metaspace       used 2569K, capacity 4564K, committed 4864K, reserved 1056768K
  class space    used 273K, capacity 388K, committed 512K, reserved 1048576K
}
Event: 67,667 GC heap before
{Heap before GC invocations=11 (full 4):
 PSYoungGen      total 153600K, used 72192K [0x00000000d6f00000, 0x00000000ea900000, 0x0000000100000000)
  eden space 72192K, 100% used [0x00000000d6f00000,0x00000000db580000,0x00000000db580000)
  from space 81408K, 0% used [0x00000000e1b80000,0x00000000e1b80000,0x00000000e6b00000)
  to   space 104448K, 0% used [0x00000000db580000,0x00000000db580000,0x00000000e1b80000)
 ParOldGen       total 781312K, used 472259K [0x0000000084c00000, 0x00000000b4700000, 0x00000000d6f00000)
  object space 781312K, 60% used [0x0000000084c00000,0x00000000a1930cf8,0x00000000b4700000)
 Metaspace       used 2569K, capacity 4564K, committed 4864K, reserved 1056768K
  class space    used 273K, capacity 388K, committed 512K, reserved 1048576K
Event: 69,805 GC heap after
Heap after GC invocations=11 (full 4):
 PSYoungGen      total 176640K, used 72288K [0x00000000d6f00000, 0x00000000e9200000, 0x0000000100000000)
  eden space 72192K, 0% used [0x00000000d6f00000,0x00000000d6f00000,0x00000000db580000)
  from space 104448K, 69% used [0x00000000db580000,0x00000000dfc18000,0x00000000e1b80000)
  to   space 107008K, 0% used [0x00000000e2980000,0x00000000e2980000,0x00000000e9200000)
 ParOldGen       total 781312K, used 472259K [0x0000000084c00000, 0x00000000b4700000, 0x00000000d6f00000)
  object space 781312K, 60% used [0x0000000084c00000,0x00000000a1930cf8,0x00000000b4700000)
 Metaspace       used 2569K, capacity 4564K, committed 4864K, reserved 1056768K
  class space    used 273K, capacity 388K, committed 512K, reserved 1048576K
}
Event: 78,514 GC heap before
{Heap before GC invocations=12 (full 4):
 PSYoungGen      total 176640K, used 144480K [0x00000000d6f00000, 0x00000000e9200000, 0x0000000100000000)
  eden space 72192K, 100% used [0x00000000d6f00000,0x00000000db580000,0x00000000db580000)
  from space 104448K, 69% used [0x00000000db580000,0x00000000dfc18000,0x00000000e1b80000)
  to   space 107008K, 0% used [0x00000000e2980000,0x00000000e2980000,0x00000000e9200000)
 ParOldGen       total 781312K, used 654788K [0x0000000084c00000, 0x00000000b4700000, 0x00000000d6f00000)
  object space 781312K, 83% used [0x0000000084c00000,0x00000000acb71058,0x00000000b4700000)
 Metaspace       used 2569K, capacity 4564K, committed 4864K, reserved 1056768K
  class space    used 273K, capacity 388K, committed 512K, reserved 1048576K
Event: 83,032 GC heap after
Heap after GC invocations=12 (full 4):
 PSYoungGen      total 158208K, used 107008K [0x00000000d6f00000, 0x00000000ed780000, 0x0000000100000000)
  eden space 51200K, 0% used [0x00000000d6f00000,0x00000000d6f00000,0x00000000da100000)
  from space 107008K, 100% used [0x00000000e2980000,0x00000000e9200000,0x00000000e9200000)
  to   space 139776K, 0% used [0x00000000da100000,0x00000000da100000,0x00000000e2980000)
 ParOldGen       total 781312K, used 692308K [0x0000000084c00000, 0x00000000b4700000, 0x00000000d6f00000)
  object space 781312K, 88% used [0x0000000084c00000,0x00000000af015058,0x00000000b4700000)
 Metaspace       used 2569K, capacity 4564K, committed 4864K, reserved 1056768K
  class space    used 273K, capacity 388K, committed 512K, reserved 1048576K
}
Event: 89,736 GC heap before
{Heap before GC invocations=13 (full 4):
 PSYoungGen      total 158208K, used 158208K [0x00000000d6f00000, 0x00000000ed780000, 0x0000000100000000)
  eden space 51200K, 100% used [0x00000000d6f00000,0x00000000da100000,0x00000000da100000)
  from space 107008K, 100% used [0x00000000e2980000,0x00000000e9200000,0x00000000e9200000)
  to   space 139776K, 0% used [0x00000000da100000,0x00000000da100000,0x00000000e2980000)
 ParOldGen       total 781312K, used 692308K [0x0000000084c00000, 0x00000000b4700000, 0x00000000d6f00000)
  object space 781312K, 88% used [0x0000000084c00000,0x00000000af015058,0x00000000b4700000)
 Metaspace       used 2569K, capacity 4564K, committed 4864K, reserved 1056768K
  class space    used 273K, capacity 388K, committed 512K, reserved 1048576K
Event: 94,121 GC heap after
Heap after GC invocations=13 (full 4):
 PSYoungGen      total 190976K, used 139776K [0x00000000d6f00000, 0x00000000ef400000, 0x0000000100000000)
  eden space 51200K, 0% used [0x00000000d6f00000,0x00000000d6f00000,0x00000000da100000)
  from space 139776K, 100% used [0x00000000da100000,0x00000000e2980000,0x00000000e2980000)
  to   space 168960K, 0% used [0x00000000e4f00000,0x00000000e4f00000,0x00000000ef400000)
 ParOldGen       total 781312K, used 710860K [0x0000000084c00000, 0x00000000b4700000, 0x00000000d6f00000)
  object space 781312K, 90% used [0x0000000084c00000,0x00000000b0233058,0x00000000b4700000)
 Metaspace       used 2569K, capacity 4564K, committed 4864K, reserved 1056768K
  class space    used 273K, capacity 388K, committed 512K, reserved 1048576K
}
Event: 94,121 GC heap before
{Heap before GC invocations=14 (full 5):
 PSYoungGen      total 190976K, used 139776K [0x00000000d6f00000, 0x00000000ef400000, 0x0000000100000000)
  eden space 51200K, 0% used [0x00000000d6f00000,0x00000000d6f00000,0x00000000da100000)
  from space 139776K, 100% used [0x00000000da100000,0x00000000e2980000,0x00000000e2980000)
  to   space 168960K, 0% used [0x00000000e4f00000,0x00000000e4f00000,0x00000000ef400000)
 ParOldGen       total 781312K, used 710860K [0x0000000084c00000, 0x00000000b4700000, 0x00000000d6f00000)
  object space 781312K, 90% used [0x0000000084c00000,0x00000000b0233058,0x00000000b4700000)
 Metaspace       used 2569K, capacity 4564K, committed 4864K, reserved 1056768K
  class space    used 273K, capacity 388K, committed 512K, reserved 1048576K

